<?xml version="1.0" encoding="UTF-8"?>
<coverage generated="1767197798184" clover="3.2.0">
  <project timestamp="1767197798184" name="All files">
    <metrics statements="59" coveredstatements="47" conditionals="27" coveredconditionals="21" methods="22" coveredmethods="17" elements="108" coveredelements="85" complexity="0" loc="59" ncloc="59" packages="3" files="4" classes="4"/>
    <package name="src">
      <metrics statements="28" coveredstatements="16" conditionals="5" coveredconditionals="1" methods="11" coveredmethods="6"/>
      <file name="affiliate.module.ts" path="/Users/hoangquocvietuet/Projects/nestjs-pluggable-module/packages/affiliate/src/affiliate.module.ts">
        <metrics statements="12" coveredstatements="0" conditionals="4" coveredconditionals="0" methods="5" coveredmethods="0"/>
        <line num="1" count="0" type="stmt"/>
        <line num="2" count="0" type="stmt"/>
        <line num="3" count="0" type="stmt"/>
        <line num="30" count="0" type="stmt"/>
        <line num="42" count="0" type="stmt"/>
        <line num="47" count="0" type="stmt"/>
        <line num="71" count="0" type="stmt"/>
        <line num="74" count="0" type="stmt"/>
        <line num="75" count="0" type="stmt"/>
        <line num="80" count="0" type="stmt"/>
        <line num="92" count="0" type="stmt"/>
        <line num="102" count="0" type="stmt"/>
      </file>
      <file name="affiliate.service.ts" path="/Users/hoangquocvietuet/Projects/nestjs-pluggable-module/packages/affiliate/src/affiliate.service.ts">
        <metrics statements="16" coveredstatements="16" conditionals="1" coveredconditionals="1" methods="6" coveredmethods="6"/>
        <line num="1" count="1" type="stmt"/>
        <line num="2" count="1" type="stmt"/>
        <line num="6" count="1" type="stmt"/>
        <line num="9" count="1" type="stmt"/>
        <line num="10" count="10" type="stmt"/>
        <line num="16" count="3" type="stmt"/>
        <line num="17" count="3" type="stmt"/>
        <line num="18" count="3" type="stmt"/>
        <line num="25" count="2" type="stmt"/>
        <line num="32" count="1" type="stmt"/>
        <line num="39" count="2" type="stmt"/>
        <line num="40" count="2" type="cond" truecount="1" falsecount="0"/>
        <line num="41" count="1" type="stmt"/>
        <line num="42" count="1" type="stmt"/>
        <line num="44" count="1" type="stmt"/>
        <line num="51" count="2" type="stmt"/>
      </file>
    </package>
    <package name="src.interfaces">
      <metrics statements="1" coveredstatements="1" conditionals="0" coveredconditionals="0" methods="0" coveredmethods="0"/>
      <file name="affiliate-repository.interface.ts" path="/Users/hoangquocvietuet/Projects/nestjs-pluggable-module/packages/affiliate/src/interfaces/affiliate-repository.interface.ts">
        <metrics statements="1" coveredstatements="1" conditionals="0" coveredconditionals="0" methods="0" coveredmethods="0"/>
        <line num="32" count="1" type="stmt"/>
      </file>
    </package>
    <package name="src.utils">
      <metrics statements="30" coveredstatements="30" conditionals="22" coveredconditionals="20" methods="11" coveredmethods="11"/>
      <file name="code-generator.ts" path="/Users/hoangquocvietuet/Projects/nestjs-pluggable-module/packages/affiliate/src/utils/code-generator.ts">
        <metrics statements="30" coveredstatements="30" conditionals="22" coveredconditionals="20" methods="11" coveredmethods="11"/>
        <line num="1" count="2" type="cond" truecount="2" falsecount="0"/>
        <line num="2" count="2" type="stmt"/>
        <line num="3" count="2" type="stmt"/>
        <line num="4" count="2" type="stmt"/>
        <line num="16" count="2" type="stmt"/>
        <line num="21" count="129" type="cond" truecount="1" falsecount="1"/>
        <line num="24" count="2" type="stmt"/>
        <line num="25" count="1232" type="stmt"/>
        <line num="27" count="2" type="stmt"/>
        <line num="28" count="1232" type="stmt"/>
        <line num="30" count="2" type="stmt"/>
        <line num="37" count="17" type="stmt"/>
        <line num="39" count="16" type="cond" truecount="0" falsecount="1"/>
        <line num="48" count="2" type="stmt"/>
        <line num="56" count="134" type="stmt"/>
        <line num="57" count="134" type="stmt"/>
        <line num="58" count="1257" type="cond" truecount="2" falsecount="0"/>
        <line num="59" count="1257" type="stmt"/>
        <line num="62" count="134" type="stmt"/>
        <line num="65" count="2" type="stmt"/>
        <line num="70" count="129" type="stmt"/>
        <line num="73" count="2" type="stmt"/>
        <line num="74" count="16" type="stmt"/>
        <line num="75" count="16" type="stmt"/>
        <line num="77" count="16" type="cond" truecount="1" falsecount="0"/>
        <line num="78" count="1" type="stmt"/>
        <line num="81" count="15" type="stmt"/>
        <line num="82" count="15" type="stmt"/>
        <line num="83" count="131" type="stmt"/>
        <line num="86" count="15" type="stmt"/>
      </file>
    </package>
  </project>
</coverage>
