{"/Users/hoangquocvietuet/Projects/nestjs-pluggable-module/packages/affiliate/src/affiliate.module.ts": {"path":"/Users/hoangquocvietuet/Projects/nestjs-pluggable-module/packages/affiliate/src/affiliate.module.ts","statementMap":{"0":{"start":{"line":1,"column":0},"end":{"line":1,"column":71}},"1":{"start":{"line":2,"column":0},"end":{"line":2,"column":55}},"2":{"start":{"line":3,"column":0},"end":{"line":3,"column":82}},"3":{"start":{"line":30,"column":28},"end":{"line":107,"column":null}},"4":{"start":{"line":42,"column":38},"end":{"line":45,"column":6}},"5":{"start":{"line":47,"column":4},"end":{"line":51,"column":6}},"6":{"start":{"line":71,"column":38},"end":{"line":78,"column":6}},"7":{"start":{"line":74,"column":29},"end":{"line":74,"column":62}},"8":{"start":{"line":75,"column":8},"end":{"line":75,"column":34}},"9":{"start":{"line":80,"column":4},"end":{"line":85,"column":6}},"10":{"start":{"line":92,"column":4},"end":{"line":95,"column":6}},"11":{"start":{"line":102,"column":4},"end":{"line":105,"column":6}},"12":{"start":{"line":30,"column":13},"end":{"line":30,"column":28}},"13":{"start":{"line":30,"column":13},"end":{"line":107,"column":null}}},"fnMap":{"0":{"name":"(anonymous_1)","decl":{"start":{"line":41,"column":2},"end":{"line":41,"column":8}},"loc":{"start":{"line":41,"column":49},"end":{"line":52,"column":3}}},"1":{"name":"(anonymous_2)","decl":{"start":{"line":70,"column":2},"end":{"line":70,"column":8}},"loc":{"start":{"line":70,"column":59},"end":{"line":86,"column":3}}},"2":{"name":"(anonymous_3)","decl":{"start":{"line":73,"column":18},"end":{"line":73,"column":23}},"loc":{"start":{"line":73,"column":43},"end":{"line":76,"column":7}}},"3":{"name":"(anonymous_4)","decl":{"start":{"line":91,"column":2},"end":{"line":91,"column":8}},"loc":{"start":{"line":91,"column":48},"end":{"line":96,"column":3}}},"4":{"name":"(anonymous_5)","decl":{"start":{"line":101,"column":2},"end":{"line":101,"column":8}},"loc":{"start":{"line":101,"column":58},"end":{"line":106,"column":3}}}},"branchMap":{"0":{"loc":{"start":{"line":77,"column":14},"end":{"line":77,"column":34}},"type":"binary-expr","locations":[{"start":{"line":77,"column":14},"end":{"line":77,"column":28}},{"start":{"line":77,"column":32},"end":{"line":77,"column":34}}]},"1":{"loc":{"start":{"line":82,"column":15},"end":{"line":82,"column":36}},"type":"binary-expr","locations":[{"start":{"line":82,"column":15},"end":{"line":82,"column":30}},{"start":{"line":82,"column":34},"end":{"line":82,"column":36}}]}},"s":{"0":0,"1":0,"2":0,"3":0,"4":0,"5":0,"6":0,"7":0,"8":0,"9":0,"10":0,"11":0,"12":0,"13":0},"f":{"0":0,"1":0,"2":0,"3":0,"4":0},"b":{"0":[0,0],"1":[0,0]}}
,"/Users/hoangquocvietuet/Projects/nestjs-pluggable-module/packages/affiliate/src/affiliate.service.ts": {"path":"/Users/hoangquocvietuet/Projects/nestjs-pluggable-module/packages/affiliate/src/affiliate.service.ts","statementMap":{"0":{"start":{"line":1,"column":0},"end":{"line":1,"column":44}},"1":{"start":{"line":2,"column":0},"end":{"line":2,"column":null}},"2":{"start":{"line":6,"column":0},"end":{"line":6,"column":58}},"3":{"start":{"line":9,"column":7},"end":{"line":53,"column":null}},"4":{"start":{"line":10,"column":31},"end":{"line":10,"column":43}},"5":{"start":{"line":16,"column":19},"end":{"line":16,"column":52}},"6":{"start":{"line":17,"column":4},"end":{"line":17,"column":59}},"7":{"start":{"line":18,"column":4},"end":{"line":18,"column":16}},"8":{"start":{"line":25,"column":4},"end":{"line":25,"column":28}},"9":{"start":{"line":32,"column":4},"end":{"line":32,"column":59}},"10":{"start":{"line":39,"column":21},"end":{"line":39,"column":63}},"11":{"start":{"line":40,"column":4},"end":{"line":43,"column":5}},"12":{"start":{"line":41,"column":6},"end":{"line":41,"column":63}},"13":{"start":{"line":42,"column":6},"end":{"line":42,"column":56}},"14":{"start":{"line":44,"column":4},"end":{"line":44,"column":30}},"15":{"start":{"line":51,"column":4},"end":{"line":51,"column":48}},"16":{"start":{"line":9,"column":13},"end":{"line":9,"column":29}},"17":{"start":{"line":9,"column":13},"end":{"line":53,"column":null}}},"fnMap":{"0":{"name":"(anonymous_2)","decl":{"start":{"line":10,"column":2},"end":{"line":10,"column":31}},"loc":{"start":{"line":10,"column":62},"end":{"line":10,"column":66}}},"1":{"name":"(anonymous_3)","decl":{"start":{"line":15,"column":2},"end":{"line":15,"column":7}},"loc":{"start":{"line":15,"column":60},"end":{"line":19,"column":3}}},"2":{"name":"(anonymous_4)","decl":{"start":{"line":24,"column":2},"end":{"line":24,"column":15}},"loc":{"start":{"line":24,"column":30},"end":{"line":26,"column":3}}},"3":{"name":"(anonymous_5)","decl":{"start":{"line":31,"column":2},"end":{"line":31,"column":7}},"loc":{"start":{"line":31,"column":55},"end":{"line":33,"column":3}}},"4":{"name":"(anonymous_6)","decl":{"start":{"line":38,"column":2},"end":{"line":38,"column":7}},"loc":{"start":{"line":38,"column":52},"end":{"line":45,"column":3}}},"5":{"name":"(anonymous_7)","decl":{"start":{"line":50,"column":2},"end":{"line":50,"column":7}},"loc":{"start":{"line":50,"column":32},"end":{"line":52,"column":3}}}},"branchMap":{"0":{"loc":{"start":{"line":40,"column":4},"end":{"line":43,"column":5}},"type":"if","locations":[{"start":{"line":40,"column":4},"end":{"line":43,"column":5}}]}},"s":{"0":1,"1":1,"2":1,"3":1,"4":10,"5":3,"6":3,"7":3,"8":2,"9":1,"10":2,"11":2,"12":1,"13":1,"14":1,"15":2,"16":1,"17":1},"f":{"0":10,"1":3,"2":2,"3":1,"4":2,"5":2},"b":{"0":[1]}}
,"/Users/hoangquocvietuet/Projects/nestjs-pluggable-module/packages/affiliate/src/interfaces/affiliate-repository.interface.ts": {"path":"/Users/hoangquocvietuet/Projects/nestjs-pluggable-module/packages/affiliate/src/interfaces/affiliate-repository.interface.ts","statementMap":{"0":{"start":{"line":32,"column":0},"end":{"line":32,"column":22}}},"fnMap":{},"branchMap":{},"s":{"0":1},"f":{},"b":{}}
,"/Users/hoangquocvietuet/Projects/nestjs-pluggable-module/packages/affiliate/src/utils/code-generator.ts": {"path":"/Users/hoangquocvietuet/Projects/nestjs-pluggable-module/packages/affiliate/src/utils/code-generator.ts","statementMap":{"0":{"start":{"line":1,"column":0},"end":{"line":1,"column":null}},"1":{"start":{"line":2,"column":2},"end":{"line":2,"column":null}},"2":{"start":{"line":3,"column":2},"end":{"line":3,"column":null}},"3":{"start":{"line":4,"column":2},"end":{"line":4,"column":null}},"4":{"start":{"line":16,"column":20},"end":{"line":16,"column":23}},"5":{"start":{"line":21,"column":2},"end":{"line":21,"column":68}},"6":{"start":{"line":21,"column":39},"end":{"line":21,"column":44}},"7":{"start":{"line":24,"column":18},"end":{"line":25,"column":51}},"8":{"start":{"line":25,"column":2},"end":{"line":25,"column":51}},"9":{"start":{"line":27,"column":22},"end":{"line":28,"column":39}},"10":{"start":{"line":28,"column":2},"end":{"line":28,"column":39}},"11":{"start":{"line":30,"column":17},"end":{"line":35,"column":2}},"12":{"start":{"line":37,"column":23},"end":{"line":37,"column":64}},"13":{"start":{"line":37,"column":50},"end":{"line":37,"column":64}},"14":{"start":{"line":37,"column":13},"end":{"line":37,"column":23}},"15":{"start":{"line":39,"column":21},"end":{"line":46,"column":2}},"16":{"start":{"line":39,"column":65},"end":{"line":46,"column":2}},"17":{"start":{"line":48,"column":27},"end":{"line":63,"column":1}},"18":{"start":{"line":56,"column":13},"end":{"line":56,"column":15}},"19":{"start":{"line":57,"column":2},"end":{"line":60,"column":3}},"20":{"start":{"line":58,"column":14},"end":{"line":58,"column":60}},"21":{"start":{"line":59,"column":4},"end":{"line":59,"column":14}},"22":{"start":{"line":62,"column":2},"end":{"line":62,"column":38}},"23":{"start":{"line":48,"column":13},"end":{"line":48,"column":27}},"24":{"start":{"line":65,"column":19},"end":{"line":71,"column":1}},"25":{"start":{"line":70,"column":2},"end":{"line":70,"column":76}},"26":{"start":{"line":70,"column":39},"end":{"line":70,"column":56}},"27":{"start":{"line":73,"column":24},"end":{"line":87,"column":1}},"28":{"start":{"line":74,"column":26},"end":{"line":74,"column":46}},"29":{"start":{"line":75,"column":38},"end":{"line":75,"column":53}},"30":{"start":{"line":77,"column":2},"end":{"line":79,"column":3}},"31":{"start":{"line":78,"column":4},"end":{"line":78,"column":75}},"32":{"start":{"line":81,"column":16},"end":{"line":81,"column":33}},"33":{"start":{"line":82,"column":2},"end":{"line":84,"column":3}},"34":{"start":{"line":83,"column":4},"end":{"line":83,"column":44}},"35":{"start":{"line":86,"column":2},"end":{"line":86,"column":20}},"36":{"start":{"line":73,"column":13},"end":{"line":73,"column":24}}},"fnMap":{"0":{"name":"(anonymous_0)","decl":{"start":{"line":1,"column":0},"end":{"line":1,"column":12}},"loc":{"start":{"line":1,"column":19},"end":{"line":5,"column":1}}},"1":{"name":"size","decl":{"start":{"line":20,"column":9},"end":{"line":20,"column":13}},"loc":{"start":{"line":20,"column":58},"end":{"line":22,"column":1}}},"2":{"name":"(anonymous_2)","decl":{"start":{"line":21,"column":32},"end":{"line":21,"column":33}},"loc":{"start":{"line":21,"column":39},"end":{"line":21,"column":44}}},"3":{"name":"(anonymous_3)","decl":{"start":{"line":24,"column":18},"end":{"line":24,"column":19}},"loc":{"start":{"line":25,"column":2},"end":{"line":25,"column":51}}},"4":{"name":"(anonymous_4)","decl":{"start":{"line":27,"column":22},"end":{"line":27,"column":26}},"loc":{"start":{"line":28,"column":2},"end":{"line":28,"column":39}}},"5":{"name":"(anonymous_5)","decl":{"start":{"line":37,"column":23},"end":{"line":37,"column":24}},"loc":{"start":{"line":37,"column":50},"end":{"line":37,"column":64}}},"6":{"name":"(anonymous_6)","decl":{"start":{"line":39,"column":21},"end":{"line":39,"column":22}},"loc":{"start":{"line":39,"column":65},"end":{"line":46,"column":2}}},"7":{"name":"(anonymous_7)","decl":{"start":{"line":48,"column":27},"end":{"line":48,"column":28}},"loc":{"start":{"line":55,"column":13},"end":{"line":63,"column":1}}},"8":{"name":"(anonymous_8)","decl":{"start":{"line":65,"column":19},"end":{"line":65,"column":null}},"loc":{"start":{"line":69,"column":13},"end":{"line":71,"column":1}}},"9":{"name":"(anonymous_9)","decl":{"start":{"line":70,"column":32},"end":{"line":70,"column":33}},"loc":{"start":{"line":70,"column":39},"end":{"line":70,"column":56}}},"10":{"name":"(anonymous_10)","decl":{"start":{"line":73,"column":24},"end":{"line":73,"column":25}},"loc":{"start":{"line":73,"column":53},"end":{"line":87,"column":1}}}},"branchMap":{"0":{"loc":{"start":{"line":1,"column":12},"end":{"line":1,"column":null}},"type":"binary-expr","locations":[{"start":{"line":1,"column":12},"end":{"line":1,"column":19}},{"start":{"line":1,"column":19},"end":{"line":1,"column":null}}]},"1":{"loc":{"start":{"line":21,"column":9},"end":{"line":21,"column":67}},"type":"cond-expr","locations":[{"start":{"line":21,"column":14},"end":{"line":21,"column":52}},{"start":{"line":21,"column":55},"end":{"line":21,"column":67}}]},"2":{"loc":{"start":{"line":39,"column":22},"end":{"line":39,"column":41}},"type":"default-arg","locations":[{"start":{"line":39,"column":39},"end":{"line":39,"column":41}}]},"3":{"loc":{"start":{"line":40,"column":9},"end":{"line":40,"column":26}},"type":"binary-expr","locations":[{"start":{"line":40,"column":9},"end":{"line":40,"column":21}},{"start":{"line":40,"column":25},"end":{"line":40,"column":26}}]},"4":{"loc":{"start":{"line":41,"column":10},"end":{"line":41,"column":28}},"type":"binary-expr","locations":[{"start":{"line":41,"column":10},"end":{"line":41,"column":23}},{"start":{"line":41,"column":27},"end":{"line":41,"column":28}}]},"5":{"loc":{"start":{"line":42,"column":11},"end":{"line":42,"column":58}},"type":"binary-expr","locations":[{"start":{"line":42,"column":11},"end":{"line":42,"column":25}},{"start":{"line":42,"column":29},"end":{"line":42,"column":58}}]},"6":{"loc":{"start":{"line":43,"column":10},"end":{"line":43,"column":29}},"type":"binary-expr","locations":[{"start":{"line":43,"column":10},"end":{"line":43,"column":23}},{"start":{"line":43,"column":27},"end":{"line":43,"column":29}}]},"7":{"loc":{"start":{"line":44,"column":11},"end":{"line":44,"column":31}},"type":"binary-expr","locations":[{"start":{"line":44,"column":11},"end":{"line":44,"column":25}},{"start":{"line":44,"column":29},"end":{"line":44,"column":31}}]},"8":{"loc":{"start":{"line":45,"column":11},"end":{"line":45,"column":67}},"type":"binary-expr","locations":[{"start":{"line":45,"column":11},"end":{"line":45,"column":25}},{"start":{"line":45,"column":29},"end":{"line":45,"column":67}}]},"9":{"loc":{"start":{"line":45,"column":48},"end":{"line":45,"column":66}},"type":"binary-expr","locations":[{"start":{"line":45,"column":48},"end":{"line":45,"column":61}},{"start":{"line":45,"column":65},"end":{"line":45,"column":66}}]},"10":{"loc":{"start":{"line":58,"column":14},"end":{"line":58,"column":60}},"type":"cond-expr","locations":[{"start":{"line":58,"column":34},"end":{"line":58,"column":56}},{"start":{"line":58,"column":59},"end":{"line":58,"column":60}}]},"11":{"loc":{"start":{"line":77,"column":2},"end":{"line":79,"column":3}},"type":"if","locations":[{"start":{"line":77,"column":2},"end":{"line":79,"column":3}}]}},"s":{"0":2,"1":2,"2":2,"3":2,"4":2,"5":16,"6":129,"7":2,"8":1232,"9":2,"10":1232,"11":2,"12":2,"13":17,"14":2,"15":2,"16":16,"17":2,"18":134,"19":134,"20":1257,"21":1257,"22":134,"23":2,"24":2,"25":16,"26":129,"27":2,"28":16,"29":16,"30":16,"31":1,"32":15,"33":15,"34":131,"35":15,"36":2},"f":{"0":2,"1":16,"2":129,"3":1232,"4":1232,"5":17,"6":16,"7":134,"8":16,"9":129,"10":16},"b":{"0":[2,2],"1":[16,0],"2":[0],"3":[16,8],"4":[16,4],"5":[16,12],"6":[16,13],"7":[16,15],"8":[16,14],"9":[14,2],"10":[1232,25],"11":[1]}}
}
