TN:
SF:src/affiliate.module.ts
FN:41,(anonymous_1)
FN:70,(anonymous_2)
FN:73,(anonymous_3)
FN:91,(anonymous_4)
FN:101,(anonymous_5)
FNF:5
FNH:0
FNDA:0,(anonymous_1)
FNDA:0,(anonymous_2)
FNDA:0,(anonymous_3)
FNDA:0,(anonymous_4)
FNDA:0,(anonymous_5)
DA:1,0
DA:2,0
DA:3,0
DA:30,0
DA:42,0
DA:47,0
DA:71,0
DA:74,0
DA:75,0
DA:80,0
DA:92,0
DA:102,0
LF:12
LH:0
BRDA:77,0,0,0
BRDA:77,0,1,0
BRDA:82,1,0,0
BRDA:82,1,1,0
BRF:4
BRH:0
end_of_record
TN:
SF:src/affiliate.service.ts
FN:10,(anonymous_2)
FN:15,(anonymous_3)
FN:24,(anonymous_4)
FN:31,(anonymous_5)
FN:38,(anonymous_6)
FN:50,(anonymous_7)
FNF:6
FNH:6
FNDA:10,(anonymous_2)
FNDA:3,(anonymous_3)
FNDA:2,(anonymous_4)
FNDA:1,(anonymous_5)
FNDA:2,(anonymous_6)
FNDA:2,(anonymous_7)
DA:1,1
DA:2,1
DA:6,1
DA:9,1
DA:10,10
DA:16,3
DA:17,3
DA:18,3
DA:25,2
DA:32,1
DA:39,2
DA:40,2
DA:41,1
DA:42,1
DA:44,1
DA:51,2
LF:16
LH:16
BRDA:40,0,0,1
BRF:1
BRH:1
end_of_record
TN:
SF:src/interfaces/affiliate-repository.interface.ts
FNF:0
FNH:0
DA:32,1
LF:1
LH:1
BRF:0
BRH:0
end_of_record
TN:
SF:src/utils/code-generator.ts
FN:1,(anonymous_0)
FN:20,size
FN:21,(anonymous_2)
FN:24,(anonymous_3)
FN:27,(anonymous_4)
FN:37,(anonymous_5)
FN:39,(anonymous_6)
FN:48,(anonymous_7)
FN:65,(anonymous_8)
FN:70,(anonymous_9)
FN:73,(anonymous_10)
FNF:11
FNH:11
FNDA:2,(anonymous_0)
FNDA:16,size
FNDA:129,(anonymous_2)
FNDA:1232,(anonymous_3)
FNDA:1232,(anonymous_4)
FNDA:17,(anonymous_5)
FNDA:16,(anonymous_6)
FNDA:134,(anonymous_7)
FNDA:16,(anonymous_8)
FNDA:129,(anonymous_9)
FNDA:16,(anonymous_10)
DA:1,2
DA:2,2
DA:3,2
DA:4,2
DA:16,2
DA:21,129
DA:24,2
DA:25,1232
DA:27,2
DA:28,1232
DA:30,2
DA:37,17
DA:39,16
DA:48,2
DA:56,134
DA:57,134
DA:58,1257
DA:59,1257
DA:62,134
DA:65,2
DA:70,129
DA:73,2
DA:74,16
DA:75,16
DA:77,16
DA:78,1
DA:81,15
DA:82,15
DA:83,131
DA:86,15
LF:30
LH:30
BRDA:1,0,0,2
BRDA:1,0,1,2
BRDA:21,1,0,16
BRDA:21,1,1,0
BRDA:39,2,0,0
BRDA:40,3,0,16
BRDA:40,3,1,8
BRDA:41,4,0,16
BRDA:41,4,1,4
BRDA:42,5,0,16
BRDA:42,5,1,12
BRDA:43,6,0,16
BRDA:43,6,1,13
BRDA:44,7,0,16
BRDA:44,7,1,15
BRDA:45,8,0,16
BRDA:45,8,1,14
BRDA:45,9,0,14
BRDA:45,9,1,2
BRDA:58,10,0,1232
BRDA:58,10,1,25
BRDA:77,11,0,1
BRF:22
BRH:20
end_of_record
